app/build/outputs/logs/manifest-merger-debug-report.txt
-- Merging decision tree log ---
manifest
ADDED from src\main\AndroidManifest.xml:2:1-131:12
	xmlns:android
		ADDED from src\main\AndroidManifest.xml:2:11-69
	package
		ADDED from src\main\AndroidManifest.xml:3:5-28
		INJECTED from src\main\AndroidManifest.xml
		INJECTED from src\main\AndroidManifest.xml
	android:versionName
		INJECTED from src\main\AndroidManifest.xml
		INJECTED from src\main\AndroidManifest.xml
	android:versionCode
		INJECTED from src\main\AndroidManifest.xml
		INJECTED from src\main\AndroidManifest.xml
uses-sdk
ADDED from src\main\AndroidManifest.xml:5:5-7:41
MERGED from [com.android.support:recyclerview-v7:24.0.0-beta1] AndroidManifest.xml:20:5-43
MERGED from [com.android.support:support-v4:24.0.0-beta1] AndroidManifest.xml:21:5-23:54
MERGED from [com.android.support:appcompat-v7:23.4.0] AndroidManifest.xml:21:5-23:78
MERGED from [com.android.support:animated-vector-drawable:23.4.0] AndroidManifest.xml:5:5-44
MERGED from [com.android.support:support-vector-drawable:23.4.0] AndroidManifest.xml:5:5-43
MERGED from [com.android.support:support-v4:24.0.0-beta1] AndroidManifest.xml:21:5-23:54
MERGED from [com.android.support:support-v4:24.0.0-beta1] AndroidManifest.xml:21:5-23:54
MERGED from [com.android.support:support-vector-drawable:23.4.0] AndroidManifest.xml:5:5-43
MERGED from [com.android.support:support-v4:24.0.0-beta1] AndroidManifest.xml:21:5-23:54
	android:targetSdkVersion
		ADDED from src\main\AndroidManifest.xml:7:9-38
		INJECTED from src\main\AndroidManifest.xml
		INJECTED from src\main\AndroidManifest.xml
	android:minSdkVersion
		ADDED from src\main\AndroidManifest.xml:6:9-35
		INJECTED from src\main\AndroidManifest.xml
		INJECTED from src\main\AndroidManifest.xml
	tools:overrideLibrary
		ADDED from [com.android.support:support-v4:24.0.0-beta1] AndroidManifest.xml:23:9-51
uses-permission#android.permission.RECEIVE_SMS
ADDED from src\main\AndroidManifest.xml:10:5-70
	android:name
		ADDED from src\main\AndroidManifest.xml:10:22-67
uses-permission#android.permission.SEND_SMS
ADDED from src\main\AndroidManifest.xml:11:5-67
	android:name
		ADDED from src\main\AndroidManifest.xml:11:22-64
uses-permission#android.permission.ACCESS_NETWORK_STATE
ADDED from src\main\AndroidManifest.xml:12:5-79
	android:name
		ADDED from src\main\AndroidManifest.xml:12:22-76
uses-permission#android.permission.WAKE_LOCK
ADDED from src\main\AndroidManifest.xml:15:5-68
	android:name
		ADDED from src\main\AndroidManifest.xml:15:22-65
uses-permission#android.permission.VIBRATE
ADDED from src\main\AndroidManifest.xml:16:5-66
	android:name
		ADDED from src\main\AndroidManifest.xml:16:22-63
uses-permission#android.permission.GET_ACCOUNTS
ADDED from src\main\AndroidManifest.xml:17:5-71
	android:name
		ADDED from src\main\AndroidManifest.xml:17:22-68
uses-permission#com.google.android.c2dm.permission.RECEIVE
ADDED from src\main\AndroidManifest.xml:18:5-82
	android:name
		ADDED from src\main\AndroidManifest.xml:18:22-79
permission#voss.narrator.permission.C2D_MESSAGE
ADDED from src\main\AndroidManifest.xml:24:5-25:63
	android:protectionLevel
		ADDED from src\main\AndroidManifest.xml:24:17-52
	android:name
		ADDED from src\main\AndroidManifest.xml:25:9-60
uses-permission#voss.android.permission.C2D_MESSAGE
ADDED from src\main\AndroidManifest.xml:26:5-75
	android:name
		ADDED from src\main\AndroidManifest.xml:26:22-72
uses-permission#android.permission.ACCESS_WIFI_STATE
ADDED from src\main\AndroidManifest.xml:28:5-30:62
	android:required
		ADDED from src\main\AndroidManifest.xml:29:9-32
	android:name
		ADDED from src\main\AndroidManifest.xml:30:9-60
uses-permission#android.permission.CHANGE_WIFI_STATE
ADDED from src\main\AndroidManifest.xml:31:5-33:62
	android:required
		ADDED from src\main\AndroidManifest.xml:32:9-32
	android:name
		ADDED from src\main\AndroidManifest.xml:33:9-60
uses-permission#android.permission.INTERNET
ADDED from src\main\AndroidManifest.xml:34:5-36:53
	android:required
		ADDED from src\main\AndroidManifest.xml:35:9-32
	android:name
		ADDED from src\main\AndroidManifest.xml:36:9-51
uses-feature#android.hardware.telephony
ADDED from src\main\AndroidManifest.xml:37:5-88
	android:required
		ADDED from src\main\AndroidManifest.xml:37:61-85
	android:name
		ADDED from src\main\AndroidManifest.xml:37:19-60
application
ADDED from src\main\AndroidManifest.xml:39:5-128:19
MERGED from [com.android.support:support-v4:24.0.0-beta1] AndroidManifest.xml:25:5-20
MERGED from [com.android.support:appcompat-v7:23.4.0] AndroidManifest.xml:25:5-20
MERGED from [com.android.support:animated-vector-drawable:23.4.0] AndroidManifest.xml:7:5-20
MERGED from [com.android.support:support-vector-drawable:23.4.0] AndroidManifest.xml:7:5-20
MERGED from [com.android.support:support-v4:24.0.0-beta1] AndroidManifest.xml:25:5-20
MERGED from [com.android.support:support-v4:24.0.0-beta1] AndroidManifest.xml:25:5-20
MERGED from [com.android.support:support-vector-drawable:23.4.0] AndroidManifest.xml:7:5-20
MERGED from [com.android.support:support-v4:24.0.0-beta1] AndroidManifest.xml:25:5-20
	android:label
		ADDED from src\main\AndroidManifest.xml:43:9-41
	android:allowBackup
		ADDED from src\main\AndroidManifest.xml:41:9-35
	android:icon
		ADDED from src\main\AndroidManifest.xml:42:9-38
	android:theme
		ADDED from src\main\AndroidManifest.xml:44:9-40
	android:name
		ADDED from src\main\AndroidManifest.xml:40:9-62
activity#android.screens.ActivityHome
ADDED from src\main\AndroidManifest.xml:45:9-53:20
	android:label
		ADDED from src\main\AndroidManifest.xml:47:13-45
	android:name
		ADDED from src\main\AndroidManifest.xml:46:13-56
intent-filter#android.intent.action.MAIN+android.intent.category.LAUNCHER
ADDED from src\main\AndroidManifest.xml:48:13-52:29
action#android.intent.action.MAIN
ADDED from src\main\AndroidManifest.xml:49:17-69
	android:name
		ADDED from src\main\AndroidManifest.xml:49:25-66
category#android.intent.category.LAUNCHER
ADDED from src\main\AndroidManifest.xml:51:17-77
	android:name
		ADDED from src\main\AndroidManifest.xml:51:27-74
service#android.NarratorService
ADDED from src\main\AndroidManifest.xml:54:9-57:19
	android:label
		ADDED from src\main\AndroidManifest.xml:56:13-44
	android:name
		ADDED from src\main\AndroidManifest.xml:55:13-51
service#android.wifi.SocketClient
ADDED from src\main\AndroidManifest.xml:58:9-61:19
	android:label
		ADDED from src\main\AndroidManifest.xml:60:13-41
	android:name
		ADDED from src\main\AndroidManifest.xml:59:13-53
service#android.wifi.SocketHost
ADDED from src\main\AndroidManifest.xml:62:9-65:19
	android:label
		ADDED from src\main\AndroidManifest.xml:64:13-41
	android:name
		ADDED from src\main\AndroidManifest.xml:63:13-51
activity#android.ActivitySettings
ADDED from src\main\AndroidManifest.xml:66:9-73:20
	android:label
		ADDED from src\main\AndroidManifest.xml:68:13-45
	android:parentActivityName
		ADDED from src\main\AndroidManifest.xml:69:13-70
	android:name
		ADDED from src\main\AndroidManifest.xml:67:13-52
meta-data#android.support.PARENT_ACTIVITY
ADDED from src\main\AndroidManifest.xml:70:13-72:64
	android:name
		ADDED from src\main\AndroidManifest.xml:71:17-63
	android:value
		ADDED from src\main\AndroidManifest.xml:72:17-61
activity#android.setup.ActivityCreateGame
ADDED from src\main\AndroidManifest.xml:74:9-81:20
	android:label
		ADDED from src\main\AndroidManifest.xml:76:13-45
	android:parentActivityName
		ADDED from src\main\AndroidManifest.xml:77:13-70
	android:name
		ADDED from src\main\AndroidManifest.xml:75:13-60
activity#android.ActivityTutorial
ADDED from src\main\AndroidManifest.xml:82:9-89:20
	android:label
		ADDED from src\main\AndroidManifest.xml:84:13-45
	android:parentActivityName
		ADDED from src\main\AndroidManifest.xml:85:13-70
	android:name
		ADDED from src\main\AndroidManifest.xml:83:13-52
activity#android.day.ActivityDay
ADDED from src\main\AndroidManifest.xml:90:9-97:20
	android:label
		ADDED from src\main\AndroidManifest.xml:92:13-45
	android:parentActivityName
		ADDED from src\main\AndroidManifest.xml:93:13-63
	android:name
		ADDED from src\main\AndroidManifest.xml:91:13-51
receiver#android.texting.ReceiverText
ADDED from src\main\AndroidManifest.xml:100:9-106:20
	android:enabled
		ADDED from src\main\AndroidManifest.xml:102:13-35
	android:name
		ADDED from src\main\AndroidManifest.xml:101:13-56
intent-filter#android.provider.Telephony.SMS_RECEIVED
ADDED from src\main\AndroidManifest.xml:103:13-105:29
	android:priority
		ADDED from src\main\AndroidManifest.xml:103:28-51
action#android.provider.Telephony.SMS_RECEIVED
ADDED from src\main\AndroidManifest.xml:104:17-82
	android:name
		ADDED from src\main\AndroidManifest.xml:104:25-79
uses-permission#android.permission.READ_CONTACTS
ADDED from src\main\AndroidManifest.xml:130:5-72
	android:name
		ADDED from src\main\AndroidManifest.xml:130:22-69